{"timestamp":"2025-05-23T13:02:04.917Z","level":"info","message":"Auth configuration validation passed","module":"auth-config"}
{"timestamp":"2025-05-23T13:02:04.917Z","level":"info","message":"Demo users loaded","module":"auth-config","count":3}
{"timestamp":"2025-05-23T13:02:04.917Z","level":"info","message":"Initializing user store with AppKit Cache","module":"users-store","component":"data-access","strategy":"memory","redisUrl":null,"maxItems":10000}
{"timestamp":"2025-05-23T13:02:04.917Z","level":"info","message":"Loading demo users","module":"users-store","component":"data-access","count":3}
{"timestamp":"2025-05-23T13:02:05.443Z","level":"info","message":"Demo users loaded","module":"users-store","component":"data-access","successCount":3,"errorCount":0,"totalCount":3}
{"timestamp":"2025-05-23T13:02:05.446Z","level":"info","message":"Authentication routes registered","module":"routing","prefix":"/auth","routes":["POST /auth/login","POST /auth/register","POST /auth/logout","POST /auth/refresh","GET /auth/me","POST /auth/change-password"]}
{"timestamp":"2025-05-23T13:02:05.443Z","level":"info","message":"Demo users available for testing","module":"users-store","component":"data-access","users":[{"email":"admin@singlet.com","password":"[REDACTED - see auth.config.js]","role":"admin"},{"email":"user@singlet.com","password":"[REDACTED - see auth.config.js]","role":"user"},{"email":"demo@singlet.com","password":"[REDACTED - see auth.config.js]","role":"user"}]}
{"timestamp":"2025-05-23T13:02:05.444Z","level":"info","message":"User store initialized successfully","module":"users-store","component":"data-access","strategy":"memory","initTimeMs":527,"cacheType":"appkit-cache"}
{"timestamp":"2025-05-23T13:02:05.444Z","level":"info","message":"Auth middleware initialized successfully","module":"auth-middleware"}
{"timestamp":"2025-05-23T13:02:05.445Z","level":"info","message":"Creating rate limiter","module":"auth-middleware","type":"login","windowMs":900000,"max":10}
{"timestamp":"2025-05-23T13:02:05.446Z","level":"info","message":"Creating rate limiter","module":"auth-middleware","type":"register","windowMs":3600000,"max":10}
{"timestamp":"2025-05-23T13:02:05.446Z","level":"info","message":"Creating rate limiter","module":"auth-middleware","type":"refresh","windowMs":300000,"max":20}
{"timestamp":"2025-05-23T13:02:05.444Z","level":"info","message":"Initializing session manager","module":"session-manager","strategy":"memory","redisUrl":null}
{"timestamp":"2025-05-23T13:02:05.444Z","level":"info","message":"Session manager initialized successfully","module":"session-manager","strategy":"memory","cleanupInterval":3600000,"maxAge":604800000,"maxConcurrentSessions":5}
{"timestamp":"2025-05-23T13:02:05.445Z","level":"info","message":"Registering authentication routes","module":"auth-routes","prefix":"/auth","routeCount":6}
{"timestamp":"2025-05-23T13:02:05.446Z","level":"info","message":"Authentication routes registered successfully","module":"auth-routes","routes":["POST /auth/login","POST /auth/register","POST /auth/refresh","POST /auth/logout","GET /auth/me","POST /auth/change-password"]}
{"timestamp":"2025-05-23T13:02:05.449Z","level":"error","message":"Feature registration failed","module":"routing","feature":"greeting","error":"The requested module '@voilajsx/appkit/validation' does not provide an export named 'createValidationMiddleware'","routeFile":"greeting.route.js"}
{"timestamp":"2025-05-23T13:02:05.450Z","level":"error","message":"Feature registration failed","module":"routing","feature":"welcome","error":"The requested module '@voilajsx/appkit/validation' does not provide an export named 'createValidationMiddleware'","routeFile":"welcome.route.js"}
{"timestamp":"2025-05-23T13:02:05.451Z","level":"info","message":"All routes registered successfully","module":"routing","coreRoutes":["/","/health","/api/info"],"authRoutes":"enabled","protectedRoutes":["/api/protected","/api/admin"],"optionalAuthRoutes":["/api/welcome"]}
{"timestamp":"2025-05-23T13:03:28.894Z","level":"error","message":"Auth route error","module":"auth-routes","requestId":"req_k7uQPghr8czvl7Av","error":"res.setHeader is not a function","type":"UNKNOWN","path":"/auth/register","method":"POST","ip":"127.0.0.1","stack":"TypeError: res.setHeader is not a function\n    at Object.<anonymous> (file:///Users/krishnateja/vc/dev/singlet/node_modules/@voilajsx/appkit/src/security/rateLimiter.js:68:9)\n    at hookIterator (/Users/krishnateja/vc/dev/singlet/node_modules/fastify/lib/hooks.js:408:10)\n    at next (/Users/krishnateja/vc/dev/singlet/node_modules/fastify/lib/hooks.js:242:18)\n    at handleResolve (/Users/krishnateja/vc/dev/singlet/node_modules/fastify/lib/hooks.js:253:7)\n    at process.processTicksAndRejections (node:internal/process/task_queues:95:5)"}
{"timestamp":"2025-05-23T13:05:09.115Z","level":"warn","message":"Route not found","module":"routing","method":"GET","url":"/api/greeting/","ip":"127.0.0.1","requestId":"req_wxMepbLJatVhwVlp","userAgent":"vscode-restclient"}
{"timestamp":"2025-05-23T13:05:12.428Z","level":"warn","message":"Route not found","module":"routing","method":"GET","url":"/api/greeting/lang/spanish","ip":"127.0.0.1","requestId":"req_LFfRjT10WuHtJQN8","userAgent":"vscode-restclient"}
{"timestamp":"2025-05-23T13:10:22.838Z","level":"info","message":"Destroying session manager","module":"session-manager"}
{"timestamp":"2025-05-23T13:10:22.838Z","level":"info","message":"Session manager destroyed successfully","module":"session-manager"}
{"timestamp":"2025-05-23T13:10:22.840Z","level":"info","message":"Destroying session manager","module":"session-manager"}
{"timestamp":"2025-05-23T13:10:22.840Z","level":"info","message":"Session manager destroyed successfully","module":"session-manager"}
{"timestamp":"2025-05-23T13:10:26.107Z","level":"info","message":"Destroying session manager","module":"session-manager"}
{"timestamp":"2025-05-23T13:10:26.107Z","level":"info","message":"Session manager destroyed successfully","module":"session-manager"}
{"timestamp":"2025-05-23T13:10:26.107Z","level":"info","message":"Destroying session manager","module":"session-manager"}
{"timestamp":"2025-05-23T13:10:26.107Z","level":"info","message":"Session manager destroyed successfully","module":"session-manager"}
{"timestamp":"2025-05-23T13:10:40.665Z","level":"info","message":"Destroying session manager","module":"session-manager"}
{"timestamp":"2025-05-23T13:10:40.665Z","level":"info","message":"Session manager destroyed successfully","module":"session-manager"}
{"timestamp":"2025-05-23T13:10:40.666Z","level":"info","message":"Destroying session manager","module":"session-manager"}
{"timestamp":"2025-05-23T13:10:40.666Z","level":"info","message":"Session manager destroyed successfully","module":"session-manager"}
{"timestamp":"2025-05-23T13:10:41.371Z","level":"info","message":"Destroying session manager","module":"session-manager"}
{"timestamp":"2025-05-23T13:10:41.371Z","level":"info","message":"Session manager destroyed successfully","module":"session-manager"}
{"timestamp":"2025-05-23T13:10:41.372Z","level":"info","message":"Destroying session manager","module":"session-manager"}
{"timestamp":"2025-05-23T13:10:41.372Z","level":"info","message":"Session manager destroyed successfully","module":"session-manager"}
{"timestamp":"2025-05-23T13:10:41.999Z","level":"info","message":"Destroying session manager","module":"session-manager"}
{"timestamp":"2025-05-23T13:10:41.999Z","level":"info","message":"Session manager destroyed successfully","module":"session-manager"}
{"timestamp":"2025-05-23T13:10:42.000Z","level":"info","message":"Destroying session manager","module":"session-manager"}
{"timestamp":"2025-05-23T13:10:42.000Z","level":"info","message":"Session manager destroyed successfully","module":"session-manager"}
{"timestamp":"2025-05-23T13:12:05.981Z","level":"info","message":"Destroying session manager","module":"session-manager"}
{"timestamp":"2025-05-23T13:12:05.981Z","level":"info","message":"Session manager destroyed successfully","module":"session-manager"}
{"timestamp":"2025-05-23T13:12:05.983Z","level":"info","message":"Destroying session manager","module":"session-manager"}
{"timestamp":"2025-05-23T13:12:05.983Z","level":"info","message":"Session manager destroyed successfully","module":"session-manager"}
{"timestamp":"2025-05-23T13:12:18.676Z","level":"info","message":"Destroying session manager","module":"session-manager"}
{"timestamp":"2025-05-23T13:12:18.676Z","level":"info","message":"Session manager destroyed successfully","module":"session-manager"}
{"timestamp":"2025-05-23T13:12:18.677Z","level":"info","message":"Destroying session manager","module":"session-manager"}
{"timestamp":"2025-05-23T13:12:18.677Z","level":"info","message":"Session manager destroyed successfully","module":"session-manager"}
{"timestamp":"2025-05-23T13:12:19.789Z","level":"info","message":"Destroying session manager","module":"session-manager"}
{"timestamp":"2025-05-23T13:12:19.789Z","level":"info","message":"Session manager destroyed successfully","module":"session-manager"}
{"timestamp":"2025-05-23T13:12:19.789Z","level":"info","message":"Destroying session manager","module":"session-manager"}
{"timestamp":"2025-05-23T13:12:19.789Z","level":"info","message":"Session manager destroyed successfully","module":"session-manager"}
{"timestamp":"2025-05-23T13:13:25.996Z","level":"info","message":"Destroying session manager","module":"session-manager"}
{"timestamp":"2025-05-23T13:13:25.996Z","level":"info","message":"Session manager destroyed successfully","module":"session-manager"}
{"timestamp":"2025-05-23T13:13:25.997Z","level":"info","message":"Destroying session manager","module":"session-manager"}
{"timestamp":"2025-05-23T13:13:25.997Z","level":"info","message":"Session manager destroyed successfully","module":"session-manager"}
{"timestamp":"2025-05-23T13:13:26.416Z","level":"info","message":"Destroying session manager","module":"session-manager"}
{"timestamp":"2025-05-23T13:13:26.416Z","level":"info","message":"Session manager destroyed successfully","module":"session-manager"}
{"timestamp":"2025-05-23T13:13:26.417Z","level":"info","message":"Destroying session manager","module":"session-manager"}
{"timestamp":"2025-05-23T13:13:26.417Z","level":"info","message":"Session manager destroyed successfully","module":"session-manager"}
{"timestamp":"2025-05-23T13:13:26.672Z","level":"info","message":"Destroying session manager","module":"session-manager"}
{"timestamp":"2025-05-23T13:13:26.672Z","level":"info","message":"Session manager destroyed successfully","module":"session-manager"}
{"timestamp":"2025-05-23T13:13:26.673Z","level":"info","message":"Destroying session manager","module":"session-manager"}
{"timestamp":"2025-05-23T13:13:26.673Z","level":"info","message":"Session manager destroyed successfully","module":"session-manager"}
{"timestamp":"2025-05-23T13:13:38.572Z","level":"info","message":"Auth configuration validation passed","module":"auth-config"}
{"timestamp":"2025-05-23T13:13:38.573Z","level":"info","message":"Demo users loaded","module":"auth-config","count":3}
{"timestamp":"2025-05-23T13:13:38.573Z","level":"info","message":"Initializing user store with AppKit Cache","module":"users-store","component":"data-access","strategy":"memory","redisUrl":null,"maxItems":10000}
{"timestamp":"2025-05-23T13:13:38.573Z","level":"info","message":"Loading demo users","module":"users-store","component":"data-access","count":3}
{"timestamp":"2025-05-23T13:13:39.101Z","level":"info","message":"Demo users loaded","module":"users-store","component":"data-access","successCount":3,"errorCount":0,"totalCount":3}
{"timestamp":"2025-05-23T13:13:39.104Z","level":"info","message":"Authentication routes registered","module":"routing","prefix":"/auth","routes":["POST /auth/login","POST /auth/register","POST /auth/logout","POST /auth/refresh","GET /auth/me","POST /auth/change-password"]}
{"timestamp":"2025-05-23T13:13:39.101Z","level":"info","message":"Demo users available for testing","module":"users-store","component":"data-access","users":[{"email":"admin@singlet.com","password":"[REDACTED - see auth.config.js]","role":"admin"},{"email":"user@singlet.com","password":"[REDACTED - see auth.config.js]","role":"user"},{"email":"demo@singlet.com","password":"[REDACTED - see auth.config.js]","role":"user"}]}
{"timestamp":"2025-05-23T13:13:39.101Z","level":"info","message":"User store initialized successfully","module":"users-store","component":"data-access","strategy":"memory","initTimeMs":528,"cacheType":"appkit-cache"}
{"timestamp":"2025-05-23T13:13:39.102Z","level":"info","message":"Initializing session manager","module":"session-manager","strategy":"memory","redisUrl":null}
{"timestamp":"2025-05-23T13:13:39.102Z","level":"info","message":"Session manager initialized successfully","module":"session-manager","strategy":"memory","cleanupInterval":3600000,"maxAge":604800000,"maxConcurrentSessions":5}
{"timestamp":"2025-05-23T13:13:39.102Z","level":"info","message":"Auth middleware initialized successfully","module":"auth-middleware"}
{"timestamp":"2025-05-23T13:13:39.103Z","level":"info","message":"Registering authentication routes","module":"auth-routes","prefix":"/auth","routeCount":6}
{"timestamp":"2025-05-23T13:13:39.104Z","level":"info","message":"Authentication routes registered successfully","module":"auth-routes","routes":["POST /auth/login","POST /auth/register","POST /auth/refresh","POST /auth/logout","GET /auth/me","POST /auth/change-password"]}
{"timestamp":"2025-05-23T13:13:39.106Z","level":"error","message":"Feature registration failed","module":"routing","feature":"greeting","error":"The requested module '@voilajsx/appkit/validation' does not provide an export named 'createValidationMiddleware'","routeFile":"greeting.route.js"}
{"timestamp":"2025-05-23T13:13:39.107Z","level":"error","message":"Feature registration failed","module":"routing","feature":"welcome","error":"The requested module '@voilajsx/appkit/validation' does not provide an export named 'createValidationMiddleware'","routeFile":"welcome.route.js"}
{"timestamp":"2025-05-23T13:13:39.108Z","level":"info","message":"All routes registered successfully","module":"routing","coreRoutes":["/","/health","/api/info"],"authRoutes":"enabled","protectedRoutes":["/api/protected","/api/admin"],"optionalAuthRoutes":["/api/welcome"]}
{"timestamp":"2025-05-23T13:13:55.250Z","level":"error","message":"Auth route error","module":"auth-routes","requestId":"req_RYfSG8Jvhxnp8EX3","error":"Invalid registration data","type":"BAD_REQUEST","path":"/auth/register","method":"POST","ip":"127.0.0.1","stack":"AppError: Invalid registration data\n    at createError (file:///Users/krishnateja/vc/dev/singlet/node_modules/@voilajsx/appkit/src/error/errors.js:83:12)\n    at badRequestError (file:///Users/krishnateja/vc/dev/singlet/node_modules/@voilajsx/appkit/src/error/errors.js:158:12)\n    at Object.<anonymous> (file:///Users/krishnateja/vc/dev/singlet/platform/auth/auth.routes.js:117:13)\n    at hookIterator (/Users/krishnateja/vc/dev/singlet/node_modules/fastify/lib/hooks.js:408:10)\n    at next (/Users/krishnateja/vc/dev/singlet/node_modules/fastify/lib/hooks.js:242:18)\n    at handleResolve (/Users/krishnateja/vc/dev/singlet/node_modules/fastify/lib/hooks.js:253:7)\n    at process.processTicksAndRejections (node:internal/process/task_queues:95:5)"}
{"timestamp":"2025-05-23T13:15:12.464Z","level":"error","message":"Auth route error","module":"auth-routes","requestId":"req_y8xiaQ45Fm8p62nf","error":"Invalid registration data","type":"BAD_REQUEST","path":"/auth/register","method":"POST","ip":"127.0.0.1","stack":"AppError: Invalid registration data\n    at createError (file:///Users/krishnateja/vc/dev/singlet/node_modules/@voilajsx/appkit/src/error/errors.js:83:12)\n    at badRequestError (file:///Users/krishnateja/vc/dev/singlet/node_modules/@voilajsx/appkit/src/error/errors.js:158:12)\n    at Object.<anonymous> (file:///Users/krishnateja/vc/dev/singlet/platform/auth/auth.routes.js:117:13)\n    at hookIterator (/Users/krishnateja/vc/dev/singlet/node_modules/fastify/lib/hooks.js:408:10)\n    at next (/Users/krishnateja/vc/dev/singlet/node_modules/fastify/lib/hooks.js:242:18)\n    at handleResolve (/Users/krishnateja/vc/dev/singlet/node_modules/fastify/lib/hooks.js:253:7)\n    at process.processTicksAndRejections (node:internal/process/task_queues:95:5)"}
{"timestamp":"2025-05-23T13:15:17.328Z","level":"info","message":"Destroying session manager","module":"session-manager"}
{"timestamp":"2025-05-23T13:15:17.328Z","level":"info","message":"Session manager destroyed successfully","module":"session-manager"}
{"timestamp":"2025-05-23T13:15:37.305Z","level":"info","message":"Auth configuration validation passed","module":"auth-config"}
{"timestamp":"2025-05-23T13:15:37.305Z","level":"info","message":"Demo users loaded","module":"auth-config","count":3}
{"timestamp":"2025-05-23T13:15:37.305Z","level":"info","message":"Initializing user store with AppKit Cache","module":"users-store","component":"data-access","strategy":"memory","redisUrl":null,"maxItems":10000}
{"timestamp":"2025-05-23T13:15:37.306Z","level":"info","message":"Loading demo users","module":"users-store","component":"data-access","count":3}
{"timestamp":"2025-05-23T13:15:37.836Z","level":"info","message":"Demo users loaded","module":"users-store","component":"data-access","successCount":3,"errorCount":0,"totalCount":3}
{"timestamp":"2025-05-23T13:15:37.840Z","level":"info","message":"Authentication routes registered","module":"routing","prefix":"/auth","routes":["POST /auth/login","POST /auth/register","POST /auth/logout","POST /auth/refresh","GET /auth/me","POST /auth/change-password"]}
{"timestamp":"2025-05-23T13:15:37.837Z","level":"info","message":"Demo users available for testing","module":"users-store","component":"data-access","users":[{"email":"admin@singlet.com","password":"[REDACTED - see auth.config.js]","role":"admin"},{"email":"user@singlet.com","password":"[REDACTED - see auth.config.js]","role":"user"},{"email":"demo@singlet.com","password":"[REDACTED - see auth.config.js]","role":"user"}]}
{"timestamp":"2025-05-23T13:15:37.837Z","level":"info","message":"User store initialized successfully","module":"users-store","component":"data-access","strategy":"memory","initTimeMs":532,"cacheType":"appkit-cache"}
{"timestamp":"2025-05-23T13:15:37.837Z","level":"info","message":"Initializing session manager","module":"session-manager","strategy":"memory","redisUrl":null}
{"timestamp":"2025-05-23T13:15:37.837Z","level":"info","message":"Session manager initialized successfully","module":"session-manager","strategy":"memory","cleanupInterval":3600000,"maxAge":604800000,"maxConcurrentSessions":5}
{"timestamp":"2025-05-23T13:15:37.838Z","level":"info","message":"Auth middleware initialized successfully","module":"auth-middleware"}
{"timestamp":"2025-05-23T13:15:37.839Z","level":"info","message":"Registering authentication routes","module":"auth-routes","prefix":"/auth","routeCount":6}
{"timestamp":"2025-05-23T13:15:37.839Z","level":"info","message":"Authentication routes registered successfully","module":"auth-routes","routes":["POST /auth/login","POST /auth/register","POST /auth/refresh","POST /auth/logout","GET /auth/me","POST /auth/change-password"]}
{"timestamp":"2025-05-23T13:15:37.842Z","level":"error","message":"Feature registration failed","module":"routing","feature":"greeting","error":"The requested module '@voilajsx/appkit/validation' does not provide an export named 'createValidationMiddleware'","routeFile":"greeting.route.js"}
{"timestamp":"2025-05-23T13:15:37.843Z","level":"error","message":"Feature registration failed","module":"routing","feature":"welcome","error":"The requested module '@voilajsx/appkit/validation' does not provide an export named 'createValidationMiddleware'","routeFile":"welcome.route.js"}
{"timestamp":"2025-05-23T13:15:37.844Z","level":"info","message":"All routes registered successfully","module":"routing","coreRoutes":["/","/health","/api/info"],"authRoutes":"enabled","protectedRoutes":["/api/protected","/api/admin"],"optionalAuthRoutes":["/api/welcome"]}
{"timestamp":"2025-05-23T13:15:48.562Z","level":"error","message":"Auth route error","module":"auth-routes","requestId":"req_nG5Ia5H2LR5Lil1Y","error":"Invalid registration data","type":"BAD_REQUEST","path":"/auth/register","method":"POST","ip":"127.0.0.1","stack":"AppError: Invalid registration data\n    at createError (file:///Users/krishnateja/vc/dev/singlet/node_modules/@voilajsx/appkit/src/error/errors.js:83:12)\n    at badRequestError (file:///Users/krishnateja/vc/dev/singlet/node_modules/@voilajsx/appkit/src/error/errors.js:158:12)\n    at Object.<anonymous> (file:///Users/krishnateja/vc/dev/singlet/platform/auth/auth.routes.js:125:13)\n    at hookIterator (/Users/krishnateja/vc/dev/singlet/node_modules/fastify/lib/hooks.js:408:10)\n    at next (/Users/krishnateja/vc/dev/singlet/node_modules/fastify/lib/hooks.js:242:18)\n    at handleResolve (/Users/krishnateja/vc/dev/singlet/node_modules/fastify/lib/hooks.js:253:7)\n    at process.processTicksAndRejections (node:internal/process/task_queues:95:5)"}
{"timestamp":"2025-05-23T13:25:11.181Z","level":"info","message":"Auth configuration validation passed","module":"auth-config"}
{"timestamp":"2025-05-23T13:25:11.181Z","level":"info","message":"Demo users loaded","module":"auth-config","count":3}
{"timestamp":"2025-05-23T13:25:11.181Z","level":"info","message":"Initializing user store with AppKit Cache","module":"users-store","component":"data-access","strategy":"memory","redisUrl":null,"maxItems":10000}
{"timestamp":"2025-05-23T13:25:11.181Z","level":"info","message":"Loading demo users","module":"users-store","component":"data-access","count":3}
{"timestamp":"2025-05-23T13:25:11.762Z","level":"info","message":"Demo users loaded","module":"users-store","component":"data-access","successCount":3,"errorCount":0,"totalCount":3}
{"timestamp":"2025-05-23T13:25:11.766Z","level":"info","message":"Authentication routes registered","module":"routing","prefix":"/auth","routes":["POST /auth/login","POST /auth/register","POST /auth/logout","POST /auth/refresh","GET /auth/me","POST /auth/change-password"]}
{"timestamp":"2025-05-23T13:25:11.762Z","level":"info","message":"Demo users available for testing","module":"users-store","component":"data-access","users":[{"email":"admin@singlet.com","password":"[REDACTED - see auth.config.js]","role":"admin"},{"email":"user@singlet.com","password":"[REDACTED - see auth.config.js]","role":"user"},{"email":"demo@singlet.com","password":"[REDACTED - see auth.config.js]","role":"user"}]}
{"timestamp":"2025-05-23T13:25:11.762Z","level":"info","message":"User store initialized successfully","module":"users-store","component":"data-access","strategy":"memory","initTimeMs":581,"cacheType":"appkit-cache"}
{"timestamp":"2025-05-23T13:25:11.763Z","level":"info","message":"Initializing session manager","module":"session-manager","strategy":"memory","redisUrl":null}
{"timestamp":"2025-05-23T13:25:11.763Z","level":"info","message":"Session manager initialized successfully","module":"session-manager","strategy":"memory","cleanupInterval":3600000,"maxAge":604800000,"maxConcurrentSessions":5}
{"timestamp":"2025-05-23T13:25:11.763Z","level":"info","message":"Auth middleware initialized successfully","module":"auth-middleware"}
{"timestamp":"2025-05-23T13:25:11.764Z","level":"info","message":"Registering authentication routes","module":"auth-routes","prefix":"/auth","routeCount":6}
{"timestamp":"2025-05-23T13:25:11.765Z","level":"info","message":"Authentication routes registered successfully","module":"auth-routes","routes":["POST /auth/login","POST /auth/register","POST /auth/refresh","POST /auth/logout","GET /auth/me","POST /auth/change-password"]}
{"timestamp":"2025-05-23T13:25:11.768Z","level":"error","message":"Feature registration failed","module":"routing","feature":"greeting","error":"The requested module '@voilajsx/appkit/validation' does not provide an export named 'createValidationMiddleware'","routeFile":"greeting.route.js"}
{"timestamp":"2025-05-23T13:25:11.770Z","level":"error","message":"Feature registration failed","module":"routing","feature":"welcome","error":"The requested module '@voilajsx/appkit/validation' does not provide an export named 'createValidationMiddleware'","routeFile":"welcome.route.js"}
{"timestamp":"2025-05-23T13:25:11.771Z","level":"info","message":"All routes registered successfully","module":"routing","coreRoutes":["/","/health","/api/info"],"authRoutes":"enabled","protectedRoutes":["/api/protected","/api/admin"],"optionalAuthRoutes":["/api/welcome"]}
{"timestamp":"2025-05-23T13:25:15.688Z","level":"error","message":"Auth route error","module":"auth-routes","requestId":"req_fNJpyQQ47bRHSLcK","error":"Invalid registration data","type":"BAD_REQUEST","path":"/auth/register","method":"POST","ip":"127.0.0.1","stack":"AppError: Invalid registration data\n    at createError (file:///Users/krishnateja/vc/dev/singlet/node_modules/@voilajsx/appkit/src/error/errors.js:83:12)\n    at badRequestError (file:///Users/krishnateja/vc/dev/singlet/node_modules/@voilajsx/appkit/src/error/errors.js:158:12)\n    at Object.<anonymous> (file:///Users/krishnateja/vc/dev/singlet/platform/auth/auth.routes.js:129:13)\n    at hookIterator (/Users/krishnateja/vc/dev/singlet/node_modules/fastify/lib/hooks.js:408:10)\n    at next (/Users/krishnateja/vc/dev/singlet/node_modules/fastify/lib/hooks.js:242:18)\n    at handleResolve (/Users/krishnateja/vc/dev/singlet/node_modules/fastify/lib/hooks.js:253:7)\n    at process.processTicksAndRejections (node:internal/process/task_queues:95:5)"}
{"timestamp":"2025-05-23T13:33:20.381Z","level":"info","message":"Destroying session manager","module":"session-manager"}
{"timestamp":"2025-05-23T13:33:20.381Z","level":"info","message":"Session manager destroyed successfully","module":"session-manager"}
{"timestamp":"2025-05-23T13:33:36.006Z","level":"info","message":"Auth configuration validation passed","module":"auth-config"}
{"timestamp":"2025-05-23T13:33:36.006Z","level":"info","message":"Demo users loaded","module":"auth-config","count":3}
{"timestamp":"2025-05-23T13:33:36.006Z","level":"info","message":"Initializing user store with AppKit Cache","module":"users-store","component":"data-access","strategy":"memory","redisUrl":null,"maxItems":10000}
{"timestamp":"2025-05-23T13:33:36.006Z","level":"info","message":"Loading demo users","module":"users-store","component":"data-access","count":3}
{"timestamp":"2025-05-23T13:33:36.536Z","level":"info","message":"Demo users loaded","module":"users-store","component":"data-access","successCount":3,"errorCount":0,"totalCount":3}
{"timestamp":"2025-05-23T13:33:36.539Z","level":"info","message":"Registering authentication routes","module":"auth-routes","prefix":"/auth","routeCount":6}
{"timestamp":"2025-05-23T13:33:36.540Z","level":"info","message":"Authentication routes registered","module":"routing","prefix":"/auth","routes":["POST /auth/login","POST /auth/register","POST /auth/logout","POST /auth/refresh","GET /auth/me","POST /auth/change-password"]}
{"timestamp":"2025-05-23T13:33:36.537Z","level":"info","message":"Demo users available for testing","module":"users-store","component":"data-access","users":[{"email":"admin@singlet.com","password":"[REDACTED - see auth.config.js]","role":"admin"},{"email":"user@singlet.com","password":"[REDACTED - see auth.config.js]","role":"user"},{"email":"demo@singlet.com","password":"[REDACTED - see auth.config.js]","role":"user"}]}
{"timestamp":"2025-05-23T13:33:36.537Z","level":"info","message":"User store initialized successfully","module":"users-store","component":"data-access","strategy":"memory","initTimeMs":531,"cacheType":"appkit-cache"}
{"timestamp":"2025-05-23T13:33:36.537Z","level":"info","message":"Initializing session manager","module":"session-manager","strategy":"memory","redisUrl":null}
{"timestamp":"2025-05-23T13:33:36.537Z","level":"info","message":"Session manager initialized successfully","module":"session-manager","strategy":"memory","cleanupInterval":3600000,"maxAge":604800000,"maxConcurrentSessions":5}
{"timestamp":"2025-05-23T13:33:36.538Z","level":"info","message":"Auth middleware initialized successfully","module":"auth-middleware"}
{"timestamp":"2025-05-23T13:33:36.539Z","level":"info","message":"Authentication routes registered successfully","module":"auth-routes","routes":["POST /auth/login","POST /auth/register","POST /auth/refresh","POST /auth/logout","GET /auth/me","POST /auth/change-password"]}
{"timestamp":"2025-05-23T13:33:36.542Z","level":"error","message":"Feature registration failed","module":"routing","feature":"greeting","error":"The requested module '@voilajsx/appkit/validation' does not provide an export named 'createValidationMiddleware'","routeFile":"greeting.route.js"}
{"timestamp":"2025-05-23T13:33:36.543Z","level":"error","message":"Feature registration failed","module":"routing","feature":"welcome","error":"The requested module '@voilajsx/appkit/validation' does not provide an export named 'createValidationMiddleware'","routeFile":"welcome.route.js"}
{"timestamp":"2025-05-23T13:33:36.544Z","level":"info","message":"All routes registered successfully","module":"routing","coreRoutes":["/","/health","/api/info"],"authRoutes":"enabled","protectedRoutes":["/api/protected","/api/admin"],"optionalAuthRoutes":["/api/welcome"]}
{"timestamp":"2025-05-23T13:33:46.086Z","level":"info","message":"Registration attempt started","module":"auth-routes","requestId":"req_hYxdTPE2Tfcx16yy","email":"test@singlet.com","name":"Test User","ip":"127.0.0.1"}
{"timestamp":"2025-05-23T13:33:46.086Z","level":"info","message":"Registration attempt started","module":"auth-service","component":"authentication","email":"test@singlet.com","name":"Test User","ip":"127.0.0.1"}
{"timestamp":"2025-05-23T13:33:46.087Z","level":"warn","message":"Registration attempt failed","module":"auth-routes","requestId":"req_hYxdTPE2Tfcx16yy","email":"test@singlet.com","name":"Test User","ip":"127.0.0.1","error":"Password validation failed","errorType":"BAD_REQUEST"}
{"timestamp":"2025-05-23T13:33:46.087Z","level":"error","message":"Auth route error","module":"auth-routes","requestId":"req_oyo7RwRrQ6hJqOk2","error":"Password validation failed","type":"BAD_REQUEST","path":"/auth/register","method":"POST","ip":"127.0.0.1","stack":"AppError: Password validation failed\n    at createError (file:///Users/krishnateja/vc/dev/singlet/node_modules/@voilajsx/appkit/src/error/errors.js:83:12)\n    at badRequestError (file:///Users/krishnateja/vc/dev/singlet/node_modules/@voilajsx/appkit/src/error/errors.js:158:12)\n    at AuthService.validatePassword (file:///Users/krishnateja/vc/dev/singlet/platform/auth/auth.service.js:576:13)\n    at AuthService.register (file:///Users/krishnateja/vc/dev/singlet/platform/auth/auth.service.js:220:10)\n    at Object.<anonymous> (file:///Users/krishnateja/vc/dev/singlet/platform/auth/auth.routes.js:418:50)\n    at preHandlerCallbackInner (/Users/krishnateja/vc/dev/singlet/node_modules/fastify/lib/handleRequest.js:161:24)\n    at preHandlerCallback (/Users/krishnateja/vc/dev/singlet/node_modules/fastify/lib/handleRequest.js:129:5)\n    at next (/Users/krishnateja/vc/dev/singlet/node_modules/fastify/lib/hooks.js:236:9)\n    at handleResolve (/Users/krishnateja/vc/dev/singlet/node_modules/fastify/lib/hooks.js:253:7)\n    at process.processTicksAndRejections (node:internal/process/task_queues:95:5)"}
{"timestamp":"2025-05-23T13:33:46.087Z","level":"warn","message":"Password validation failed","module":"auth-service","component":"authentication","errors":["Password must contain at least one uppercase letter"]}
{"timestamp":"2025-05-23T13:34:06.894Z","level":"info","message":"Registration attempt started","module":"auth-routes","requestId":"req_ZUU21KDsLev4c5PD","email":"test@singlet.com","name":"Test User","ip":"127.0.0.1"}
{"timestamp":"2025-05-23T13:34:06.894Z","level":"info","message":"Registration attempt started","module":"auth-service","component":"authentication","email":"test@singlet.com","name":"Test User","ip":"127.0.0.1"}
{"timestamp":"2025-05-23T13:34:06.894Z","level":"warn","message":"Registration attempt failed","module":"auth-routes","requestId":"req_ZUU21KDsLev4c5PD","email":"test@singlet.com","name":"Test User","ip":"127.0.0.1","error":"Password validation failed","errorType":"BAD_REQUEST"}
{"timestamp":"2025-05-23T13:34:06.894Z","level":"error","message":"Auth route error","module":"auth-routes","requestId":"req_DHFSTFxOg8vDRdiS","error":"Password validation failed","type":"BAD_REQUEST","path":"/auth/register","method":"POST","ip":"127.0.0.1","stack":"AppError: Password validation failed\n    at createError (file:///Users/krishnateja/vc/dev/singlet/node_modules/@voilajsx/appkit/src/error/errors.js:83:12)\n    at badRequestError (file:///Users/krishnateja/vc/dev/singlet/node_modules/@voilajsx/appkit/src/error/errors.js:158:12)\n    at AuthService.validatePassword (file:///Users/krishnateja/vc/dev/singlet/platform/auth/auth.service.js:576:13)\n    at AuthService.register (file:///Users/krishnateja/vc/dev/singlet/platform/auth/auth.service.js:220:10)\n    at Object.<anonymous> (file:///Users/krishnateja/vc/dev/singlet/platform/auth/auth.routes.js:418:50)\n    at preHandlerCallbackInner (/Users/krishnateja/vc/dev/singlet/node_modules/fastify/lib/handleRequest.js:161:24)\n    at preHandlerCallback (/Users/krishnateja/vc/dev/singlet/node_modules/fastify/lib/handleRequest.js:129:5)\n    at next (/Users/krishnateja/vc/dev/singlet/node_modules/fastify/lib/hooks.js:236:9)\n    at handleResolve (/Users/krishnateja/vc/dev/singlet/node_modules/fastify/lib/hooks.js:253:7)\n    at process.processTicksAndRejections (node:internal/process/task_queues:95:5)"}
{"timestamp":"2025-05-23T13:34:06.894Z","level":"warn","message":"Password validation failed","module":"auth-service","component":"authentication","errors":["Password must contain at least one uppercase letter"]}
{"timestamp":"2025-05-23T13:34:24.038Z","level":"info","message":"Registration attempt started","module":"auth-routes","requestId":"req_dmokvfdnYFqT2eBR","email":"test@singlet.com","name":"Test User","ip":"127.0.0.1"}
{"timestamp":"2025-05-23T13:34:24.038Z","level":"info","message":"Registration attempt started","module":"auth-service","component":"authentication","email":"test@singlet.com","name":"Test User","ip":"127.0.0.1"}
{"timestamp":"2025-05-23T13:34:24.218Z","level":"info","message":"Creating new user","module":"users-store","component":"data-access","userId":"user_0qj5op7Tq7YYKkgI","email":"test@singlet.com","role":"user"}
{"timestamp":"2025-05-23T13:34:24.218Z","level":"info","message":"Registration successful","module":"auth-service","component":"authentication","userId":"user_0qj5op7Tq7YYKkgI","email":"test@singlet.com","name":"Test User","ip":"127.0.0.1"}
{"timestamp":"2025-05-23T13:34:24.218Z","level":"info","message":"User registration successful","module":"auth-routes","requestId":"req_dmokvfdnYFqT2eBR","userId":"user_0qj5op7Tq7YYKkgI","email":"test@singlet.com","name":"Test User","ip":"127.0.0.1"}
{"timestamp":"2025-05-23T13:34:24.218Z","level":"info","message":"User created successfully","module":"users-store","component":"data-access","userId":"user_0qj5op7Tq7YYKkgI","email":"test@singlet.com","name":"Test User","role":"user","active":true,"createTimeMs":0}
{"timestamp":"2025-05-23T13:34:39.349Z","level":"info","message":"Login attempt started","module":"auth-routes","requestId":"req_pBs0H0ODl2H8Ejuh","email":"admin@singlet.com","ip":"127.0.0.1","userAgent":"vscode-restclient"}
{"timestamp":"2025-05-23T13:34:39.349Z","level":"info","message":"Login attempt started","module":"auth-service","component":"authentication","email":"admin@singlet.com","ip":"127.0.0.1","userAgent":"vscode-restclient"}
{"timestamp":"2025-05-23T13:34:39.349Z","level":"warn","message":"Login attempt failed","module":"auth-routes","requestId":"req_pBs0H0ODl2H8Ejuh","email":"admin@singlet.com","ip":"127.0.0.1","error":"Login failed: Hash must be a non-empty string","errorType":"AUTHENTICATION_ERROR"}
{"timestamp":"2025-05-23T13:34:39.349Z","level":"error","message":"Auth route error","module":"auth-routes","requestId":"req_CLfD1UNjxttkGEhI","error":"Login failed: Hash must be a non-empty string","type":"AUTHENTICATION_ERROR","path":"/auth/login","method":"POST","ip":"127.0.0.1","stack":"AppError: Login failed: Hash must be a non-empty string\n    at createError (file:///Users/krishnateja/vc/dev/singlet/node_modules/@voilajsx/appkit/src/error/errors.js:83:12)\n    at authenticationError (file:///Users/krishnateja/vc/dev/singlet/node_modules/@voilajsx/appkit/src/error/errors.js:119:12)\n    at AuthService.login (file:///Users/krishnateja/vc/dev/singlet/platform/auth/auth.service.js:197:13)\n    at process.processTicksAndRejections (node:internal/process/task_queues:95:5)\n    at async Object.<anonymous> (file:///Users/krishnateja/vc/dev/singlet/platform/auth/auth.routes.js:290:29)"}
{"timestamp":"2025-05-23T13:34:39.349Z","level":"error","message":"Login process failed","module":"auth-service","component":"authentication","email":"admin@singlet.com","ip":"127.0.0.1","error":"Hash must be a non-empty string","stack":"Error: Hash must be a non-empty string\n    at comparePassword (file:///Users/krishnateja/vc/dev/singlet/node_modules/@voilajsx/appkit/src/auth/password.js:45:11)\n    at AuthService.login (file:///Users/krishnateja/vc/dev/singlet/platform/auth/auth.service.js:96:37)\n    at process.processTicksAndRejections (node:internal/process/task_queues:95:5)\n    at async Object.<anonymous> (file:///Users/krishnateja/vc/dev/singlet/platform/auth/auth.routes.js:290:29)"}
{"timestamp":"2025-05-23T13:34:55.034Z","level":"warn","message":"Authentication failed","module":"auth-middleware","error":"Token verification failed: Invalid token","type":"AUTHENTICATION_ERROR","path":"/auth/me","method":"GET","ip":"127.0.0.1"}
{"timestamp":"2025-05-23T13:34:55.034Z","level":"error","message":"Auth route error","module":"auth-routes","requestId":"req_Yv7NETIFmOhCr0wT","error":"Token verification failed: Invalid token","type":"AUTHENTICATION_ERROR","path":"/auth/me","method":"GET","ip":"127.0.0.1","stack":"AppError: Token verification failed: Invalid token\n    at createError (file:///Users/krishnateja/vc/dev/singlet/node_modules/@voilajsx/appkit/src/error/errors.js:83:12)\n    at authenticationError (file:///Users/krishnateja/vc/dev/singlet/node_modules/@voilajsx/appkit/src/error/errors.js:119:12)\n    at AuthMiddleware.verifyTokenAndGetUser (file:///Users/krishnateja/vc/dev/singlet/platform/auth/auth.middleware.js:184:13)\n    at Object.<anonymous> (file:///Users/krishnateja/vc/dev/singlet/platform/auth/auth.middleware.js:236:40)\n    at process.processTicksAndRejections (node:internal/process/task_queues:95:5)"}
{"timestamp":"2025-05-23T13:35:24.971Z","level":"info","message":"Login attempt started","module":"auth-routes","requestId":"req_xbRVazdzeWF1hViU","email":"admin@singlet.com","ip":"127.0.0.1","userAgent":"vscode-restclient"}
{"timestamp":"2025-05-23T13:35:24.971Z","level":"info","message":"Login attempt started","module":"auth-service","component":"authentication","email":"admin@singlet.com","ip":"127.0.0.1","userAgent":"vscode-restclient"}
{"timestamp":"2025-05-23T13:35:24.972Z","level":"warn","message":"Login attempt failed","module":"auth-routes","requestId":"req_xbRVazdzeWF1hViU","email":"admin@singlet.com","ip":"127.0.0.1","error":"Login failed: Hash must be a non-empty string","errorType":"AUTHENTICATION_ERROR"}
{"timestamp":"2025-05-23T13:35:24.972Z","level":"error","message":"Auth route error","module":"auth-routes","requestId":"req_kGDg0CS7MWQCuyBa","error":"Login failed: Hash must be a non-empty string","type":"AUTHENTICATION_ERROR","path":"/auth/login","method":"POST","ip":"127.0.0.1","stack":"AppError: Login failed: Hash must be a non-empty string\n    at createError (file:///Users/krishnateja/vc/dev/singlet/node_modules/@voilajsx/appkit/src/error/errors.js:83:12)\n    at authenticationError (file:///Users/krishnateja/vc/dev/singlet/node_modules/@voilajsx/appkit/src/error/errors.js:119:12)\n    at AuthService.login (file:///Users/krishnateja/vc/dev/singlet/platform/auth/auth.service.js:197:13)\n    at process.processTicksAndRejections (node:internal/process/task_queues:95:5)\n    at async Object.<anonymous> (file:///Users/krishnateja/vc/dev/singlet/platform/auth/auth.routes.js:290:29)"}
{"timestamp":"2025-05-23T13:35:24.972Z","level":"error","message":"Login process failed","module":"auth-service","component":"authentication","email":"admin@singlet.com","ip":"127.0.0.1","error":"Hash must be a non-empty string","stack":"Error: Hash must be a non-empty string\n    at comparePassword (file:///Users/krishnateja/vc/dev/singlet/node_modules/@voilajsx/appkit/src/auth/password.js:45:11)\n    at AuthService.login (file:///Users/krishnateja/vc/dev/singlet/platform/auth/auth.service.js:96:37)\n    at process.processTicksAndRejections (node:internal/process/task_queues:95:5)\n    at async Object.<anonymous> (file:///Users/krishnateja/vc/dev/singlet/platform/auth/auth.routes.js:290:29)"}
{"timestamp":"2025-05-23T13:58:34.745Z","level":"info","message":"Destroying session manager","module":"session-manager"}
{"timestamp":"2025-05-23T13:58:34.745Z","level":"info","message":"Session manager destroyed successfully","module":"session-manager"}
